== Info:   Trying 10.4.20.103...
== Info: Connected to proxy.iiit.ac.in (10.4.20.103) port 8080 (#0)
=> Send header, 187 bytes (0xbb)
0000: GET http://webservices.nextbus.com/service/publicXMLFeed?command
0040: =agencyList HTTP/1.1
0056: Host: webservices.nextbus.com
0075: User-Agent: curl/7.47.0
008e: Accept: */*
009b: Proxy-Connection: Keep-Alive
00b9: 
<= Recv header, 17 bytes (0x11)
0000: HTTP/1.1 200 OK
<= Recv header, 37 bytes (0x25)
0000: Date: Thu, 02 Mar 2017 06:48:34 GMT
<= Recv header, 16 bytes (0x10)
0000: Server: Apache
<= Recv header, 32 bytes (0x20)
0000: Access-Control-Allow-Origin: *
<= Recv header, 22 bytes (0x16)
0000: Content-Length: 5720
<= Recv header, 29 bytes (0x1d)
0000: X-Frame-Options: SAMEORIGIN
<= Recv header, 23 bytes (0x17)
0000: Vary: Accept-Encoding
<= Recv header, 24 bytes (0x18)
0000: Content-Type: text/xml
<= Recv header, 26 bytes (0x1a)
0000: X-Pad: avoid browser bug
<= Recv header, 165 bytes (0xa5)
0000: Set-Cookie: visid_incap_611202=SQJ9qiF7SpuuoWRPnk8gOUHAt1gAAAAAQ
0040: UIPAAAAAABjXRSHQc6tGCWq+NCNMGxT; expires=Thu, 01 Mar 2018 09:41:
0080: 29 GMT; path=/; Domain=.nextbus.com
<= Recv header, 120 bytes (0x78)
0000: Set-Cookie: incap_ses_219_611202=7eKZFfzyvygftx6AZw0KA0HAt1gAAAA
0040: ALNc4QbYTxXb/ZhTwiIzHCQ==; path=/; Domain=.nextbus.com
<= Recv header, 87 bytes (0x57)
0000: X-Iinfo: 6-9373695-9373696 NNNN CT(183 -1 0) RT(1488437313472 1)
0040:  q(0 0 2 0) r(4 4) U5
<= Recv header, 18 bytes (0x12)
0000: X-CDN: Incapsula
<= Recv header, 26 bytes (0x1a)
0000: X-Cache: MISS from proxy
<= Recv header, 38 bytes (0x26)
0000: X-Cache-Lookup: MISS from proxy:8080
<= Recv header, 24 bytes (0x18)
0000: Connection: keep-alive
<= Recv header, 2 bytes (0x2)
0000: 
<= Recv data, 1448 bytes (0x5a8)
0000: <?xml version="1.0" encoding="utf-8" ?> .<body copyright="All da
0040: ta copyright agencies listed below and NextBus Inc 2017.">.<agen
0080: cy tag="actransit" title="AC Transit" regionTitle="California-No
00c0: rthern"/>.<agency tag="jhu-apl" title="APL" regionTitle="Marylan
0100: d"/>.<agency tag="art" title="Asheville Redefines Transit" regio
0140: nTitle="North Carolina"/>.<agency tag="atlanta-sc" title="Atlant
0180: a Streetcar - Beta" regionTitle="Georgia"/>.<agency tag="brockto
01c0: n" title="Brockton Area Transit Authority" regionTitle="Massachu
0200: setts"/>.<agency tag="camarillo" title="Camarillo Area (CAT)" sh
0240: ortTitle="Camarillo (CAT)" regionTitle="California-Southern"/>.<
0280: agency tag="ccrta" title="Cape Cod Regional Transit Authority" s
02c0: hortTitle="CCRTA" regionTitle="Massachusetts"/>.<agency tag="cha
0300: pel-hill" title="Chapel Hill Transit" shortTitle="Chapel Hill" r
0340: egionTitle="North Carolina"/>.<agency tag="charles-river" title=
0380: "Charles River TMA - EZRide" shortTitle="Charles River EZRide" r
03c0: egionTitle="Massachusetts"/>.<agency tag="charm-city" title="Cha
0400: rm City Circulator" regionTitle="Maryland"/>.<agency tag="ccny" 
0440: title="City College NYC" regionTitle="New York"/>.<agency tag="o
0480: xford-ms" title="City of Oxford" regionTitle="Mississippi"/>.<ag
04c0: ency tag="west-hollywood" title="City of West Hollywood" regionT
0500: itle="California-Southern"/>.<agency tag="collegetown" title="Co
0540: llegetown Shuttle" regionTitle="Maryland"/>.<agency tag="configd
0580: ev" title="Config Stuff" regionTitle="Ot
<= Recv data, 1164 bytes (0x48c)
0000: her"/>.<agency tag="cyride" title="CyRide" regionTitle="Iowa"/>.
0040: <agency tag="dc-circulator" title="DC Circulator" regionTitle="D
0080: istrict of Columbia"/>.<agency tag="dc-streetcar" title="DC Stre
00c0: etcar" regionTitle="District of Columbia"/>.<agency tag="da" tit
0100: le="Downtown Connection" regionTitle="New York"/>.<agency tag="d
0140: umbarton" title="Dumbarton Express" shortTitle="Dumbarton Exp" r
0180: egionTitle="California-Northern"/>.<agency tag="ecu" title="East
01c0:  Carolina University" regionTitle="North Carolina"/>.<agency tag
0200: ="escalon" title="Escalon eTrans" shortTitle="eTrans" regionTitl
0240: e="California-Northern"/>.<agency tag="fairfax" title="Fairfax (
0280: CUE)" regionTitle="Virginia"/>.<agency tag="foothill" title="Foo
02c0: thill Transit" regionTitle="California-Southern"/>.<agency tag="
0300: ft-worth" title="Fort Worth The T" regionTitle="Texas"/>.<agency
0340:  tag="glendale" title="Glendale Beeline" regionTitle="California
0380: -Southern"/>.<agency tag="south-coast" title="Gold Coast Transit
03c0: " regionTitle="California-Southern"/>.<agency tag="indianapolis-
0400: air" title="Indianapolis International Airport" regionTitle="Ind
0440: iana"/>.<agency tag="jtafla" title="Jacksonville Transportation 
0480: Authority" s
<= Recv data, 1448 bytes (0x5a8)
0000: hortTitle="Jacksonville" regionTitle="Florida"/>.<agency tag="la
0040: metro" title="Los Angeles Metro" regionTitle="California-Souther
0080: n"/>.<agency tag="lametro-rail" title="Los Angeles Rail" regionT
00c0: itle="California-Southern"/>.<agency tag="mbta" title="MBTA" reg
0100: ionTitle="Massachusetts"/>.<agency tag="mit" title="Massachusett
0140: s Institute of Technology" shortTitle="MIT" regionTitle="Massach
0180: usetts"/>.<agency tag="sf-mission-bay" title="Mission Bay" regio
01c0: nTitle="California-Northern"/>.<agency tag="moorpark" title="Moo
0200: rpark Transit" regionTitle="California-Southern"/>.<agency tag="
0240: nova-se" title="Nova Southeastern University" shortTitle="Nova" 
0280: regionTitle="Florida"/>.<agency tag="omnitrans" title="Omnitrans
02c0: " regionTitle="California-Southern"/>.<agency tag="pvpta" title=
0300: "Palos Verdes Transit" regionTitle="California-Southern"/>.<agen
0340: cy tag="sria" title="Pensacola Beach (SRIA)" shortTitle="SRIA" r
0380: egionTitle="Florida"/>.<agency tag="portland-sc" title="Portland
03c0:  Streetcar" regionTitle="Oregon"/>.<agency tag="pgc" title="Prin
0400: ce Georges County" regionTitle="Maryland"/>.<agency tag="reno" t
0440: itle="RTC RIDE, Reno" regionTitle="Nevada"/>.<agency tag="radfor
0480: d" title="Radford Transit" regionTitle="Virginia"/>.<agency tag=
04c0: "howard" title="Regional Transportation Agency of Central Maryla
0500: nd" regionTitle="Maryland"/>.<agency tag="roosevelt" title="Roos
0540: evelt Island" regionTitle="New York"/>.<agency tag="rutgers-newa
0580: rk" title="Rutgers Univ. Newark College 
<= Recv data, 1660 bytes (0x67c)
0000: Town Shuttle" shortTitle="Rutgers Newark Shuttle" regionTitle="N
0040: ew Jersey"/>.<agency tag="rutgers" title="Rutgers University" sh
0080: ortTitle="Rutgers" regionTitle="New Jersey"/>.<agency tag="septa
00c0: " title="SEPTA" regionTitle="Pennsylvania"/>.<agency tag="sf-mun
0100: i" title="San Francisco Muni" shortTitle="SF Muni" regionTitle="
0140: California-Northern"/>.<agency tag="seattle-sc" title="Seattle S
0180: treetcar" regionTitle="Washington"/>.<agency tag="simi-valley" t
01c0: itle="Simi Valley (SVT)" regionTitle="California-Southern"/>.<ag
0200: ency tag="stl" title="Societe de transport de Laval" shortTitle=
0240: "Laval" regionTitle="Quebec"/>.<agency tag="sct" title="Sonoma C
0280: ounty Transit" regionTitle="California-Northern"/>.<agency tag="
02c0: thousand-oaks" title="Thousand Oaks Transit (TOT)" shortTitle="T
0300: housand Oaks Transit" regionTitle="California-Southern"/>.<agenc
0340: y tag="ttc" title="Toronto Transit Commission" shortTitle="Toron
0380: to TTC" regionTitle="Ontario"/>.<agency tag="unitrans" title="Un
03c0: itrans ASUCD/City of Davis" shortTitle="Unitrans" regionTitle="C
0400: alifornia-Northern"/>.<agency tag="ucsf" title="University of Ca
0440: lifornia San Francisco" regionTitle="California-Northern"/>.<age
0480: ncy tag="umd" title="University of Maryland" regionTitle="Maryla
04c0: nd"/>.<agency tag="umn-twin" title="University of Minnesota" reg
0500: ionTitle="Minnesota"/>.<agency tag="vista" title="Ventura Interc
0540: ity (VCTC)" shortTitle="Ventura (VCTC)" regionTitle="California-
0580: Southern"/>.<agency tag="wku" title="Western Kentucky University
05c0: " regionTitle="Kentucky"/>.<agency tag="winston-salem" title="Wi
0600: nston-Salem" regionTitle="North Carolina"/>.<agency tag="york-pa
0640: " title="York College" regionTitle="Pennsylvania"/>.</body>.
== Info: Connection #0 to host proxy.iiit.ac.in left intact
